ITR 2019-03-15 16:01:43,967 ERROR internal_error(67) Internal server error 500 : (raised as a result of Query-invoked autoflush; consider using a session.no_autoflush block if this flush is occurring prematurely) (psycopg2.IntegrityError) null value in column "GroupSessionID" violates not-null constraint
DETAIL:  Failing row contains (5df6c218-472f-40c5-acc1-75f9d2b09d5f, null, null, null, 0, External test session test #1, , , , , , 2000-01-01 06:00:00+01, 2100-01-01 09:00:00+01, 2000-01-01 06:00:00+01, 2000-01-01 06:00:00+01, 1, t, , f, 00000000-0000-0000-0000-000000000000, f, {}).
 [SQL: 'INSERT INTO "ClientSessions" ("ID", "GroupSessionID", "GroupID", "PersonID", "Description") VALUES (%(ID)s, %(GroupSessionID)s, %(GroupID)s, %(PersonID)s, %(Description)s)'] [parameters: {'ID': UUID('5df6c218-472f-40c5-acc1-75f9d2b09d5f'), 'GroupSessionID': None, 'GroupID': None, 'PersonID': None, 'Description': 'External test session test #1'}] (Background on this error at: http://sqlalche.me/e/gkpj)
ITR 2019-03-15 16:04:05,956 ERROR internal_error(67) Internal server error 500 : (psycopg2.IntegrityError) duplicate key value violates unique constraint "ClientPersons_pkey"
DETAIL:  Key ("ID")=(60da4dac-4c8d-49bb-8c95-a85e5a7485a8) already exists.
 [SQL: 'INSERT INTO "ClientPersons" ("ID", "Password", "Active", "CompanyID") VALUES (%(ID)s, %(Password)s, %(Active)s, %(CompanyID)s)'] [parameters: {'ID': UUID('60da4dac-4c8d-49bb-8c95-a85e5a7485a8'), 'Password': 'da28ba043d776d69876f23b1f726721582fc6d19397c3a39e91cc6f43f4873ee9a50878aa34542f53fc2ddcba1d2cb12d87c20ca41b3bffa09a4a75a29331ac8', 'Active': True, 'CompanyID': UUID('015e1e32-4377-4a10-8312-4d4be357cc3c')}] (Background on this error at: http://sqlalche.me/e/gkpj)
ITR 2019-03-15 16:15:25,283 ERROR internal_error(67) Internal server error 500 : unsupported operand type(s) for +: 'String' and 'String'
ITR 2019-03-15 16:17:28,057 ERROR internal_error(67) Internal server error 500 : (psycopg2.IntegrityError) null value in column "UserName" violates not-null constraint
DETAIL:  Failing row contains (79a02bd9-560f-4256-ba7e-844fc45768c4, 015e1e32-4377-4a10-8312-4d4be357cc3c, external_user@itr365.com, e170651ff23a8eccf980691ce58cf28c20df16788cf933c2c1571c3d491e8f8e..., , null, , , E, , , , , , 2000-01-01 06:00:00+01, 2000-01-01 06:00:00+01, 2100-01-01 09:00:00+01, 2000-01-01 06:00:00+01, 2000-01-01 06:00:00+01, f, t, f, f, f, f, f, f, f, f, f, t, en, 1, f, 00000000-0000-0000-0000-000000000000, f, 0, {}).
 [SQL: 'INSERT INTO "SecurityUsers" ("ID", "CompanyID", "Email", "Password", "UserName", "IsTestTakingUser", "IsOfficeUser", "Active") VALUES (%(ID)s, %(CompanyID)s, %(Email)s, %(Password)s, %(UserName)s, %(IsTestTakingUser)s, %(IsOfficeUser)s, %(Active)s)'] [parameters: {'ID': UUID('79a02bd9-560f-4256-ba7e-844fc45768c4'), 'CompanyID': UUID('015e1e32-4377-4a10-8312-4d4be357cc3c'), 'Email': 'external_user@itr365.com', 'Password': 'e170651ff23a8eccf980691ce58cf28c20df16788cf933c2c1571c3d491e8f8ece15702b0f6521caccfe99f448a53b841c8402f84270828f2ccc7415f5db83e6', 'UserName': None, 'IsTestTakingUser': True, 'IsOfficeUser': False, 'Active': True}] (Background on this error at: http://sqlalche.me/e/gkpj)
ITR 2019-03-15 16:19:02,871 ERROR internal_error(67) Internal server error 500 : (psycopg2.IntegrityError) null value in column "GroupSessionID" violates not-null constraint
DETAIL:  Failing row contains (5df6c218-472f-40c5-acc1-75f9d2b09d5f, null, null, null, 0, External test session test #1, , , , , , 2000-01-01 06:00:00+01, 2100-01-01 09:00:00+01, 2000-01-01 06:00:00+01, 2000-01-01 06:00:00+01, 1, t, , f, 00000000-0000-0000-0000-000000000000, f, {}).
 [SQL: 'INSERT INTO "ClientSessions" ("ID", "GroupSessionID", "GroupID", "PersonID", "Description") VALUES (%(ID)s, %(GroupSessionID)s, %(GroupID)s, %(PersonID)s, %(Description)s)'] [parameters: {'ID': UUID('5df6c218-472f-40c5-acc1-75f9d2b09d5f'), 'GroupSessionID': None, 'GroupID': None, 'PersonID': None, 'Description': 'External test session test #1'}] (Background on this error at: http://sqlalche.me/e/gkpj)
ITR 2019-03-15 16:21:46,329 ERROR internal_error(67) Internal server error 500 : (psycopg2.IntegrityError) null value in column "GroupID" violates not-null constraint
DETAIL:  Failing row contains (5df6c218-472f-40c5-acc1-75f9d2b09d5f, 00000000-0000-0000-0000-000000000000, null, null, 0, External test session test #1, , , , , , 2000-01-01 06:00:00+01, 2100-01-01 09:00:00+01, 2000-01-01 06:00:00+01, 2000-01-01 06:00:00+01, 1, t, , f, 00000000-0000-0000-0000-000000000000, f, {}).
 [SQL: 'INSERT INTO "ClientSessions" ("ID", "GroupSessionID", "GroupID", "PersonID", "Description") VALUES (%(ID)s, %(GroupSessionID)s, %(GroupID)s, %(PersonID)s, %(Description)s)'] [parameters: {'ID': UUID('5df6c218-472f-40c5-acc1-75f9d2b09d5f'), 'GroupSessionID': UUID('00000000-0000-0000-0000-000000000000'), 'GroupID': None, 'PersonID': None, 'Description': 'External test session test #1'}] (Background on this error at: http://sqlalche.me/e/gkpj)
ITR 2019-03-15 16:23:19,074 ERROR internal_error(67) Internal server error 500 : (psycopg2.IntegrityError) null value in column "PersonID" violates not-null constraint
DETAIL:  Failing row contains (5df6c218-472f-40c5-acc1-75f9d2b09d5f, 00000000-0000-0000-0000-000000000000, 00000000-0000-0000-0000-000000000000, null, 0, External test session test #1, , , , , , 2000-01-01 06:00:00+01, 2100-01-01 09:00:00+01, 2000-01-01 06:00:00+01, 2000-01-01 06:00:00+01, 1, t, , f, 00000000-0000-0000-0000-000000000000, f, {}).
 [SQL: 'INSERT INTO "ClientSessions" ("ID", "GroupSessionID", "GroupID", "PersonID", "Description") VALUES (%(ID)s, %(GroupSessionID)s, %(GroupID)s, %(PersonID)s, %(Description)s)'] [parameters: {'ID': UUID('5df6c218-472f-40c5-acc1-75f9d2b09d5f'), 'GroupSessionID': UUID('00000000-0000-0000-0000-000000000000'), 'GroupID': UUID('00000000-0000-0000-0000-000000000000'), 'PersonID': None, 'Description': 'External test session test #1'}] (Background on this error at: http://sqlalche.me/e/gkpj)
ITR 2019-03-15 16:24:59,904 ERROR internal_error(67) Internal server error 500 : (psycopg2.IntegrityError) null value in column "PersID" violates not-null constraint
DETAIL:  Failing row contains (4411dceb-a406-42e8-b931-4e4a5630d482, 5df6c218-472f-40c5-acc1-75f9d2b09d5f, 2ff28273-3da7-4fe7-abd4-c877b7f57600, null, 0, null, , , null, null, null, 2000-01-01 06:00:00+01, 2000-01-01 06:00:00+01, 0, 0, 1, 0, 0, 1, , 2000-01-01 06:00:00+01, f, {}).
 [SQL: 'INSERT INTO "ClientSessionTests" ("ID", "SessionID", "TestID", "PersID", "TestLanguage", "NormID1", "NormID2", "NormID3") VALUES (%(ID)s, %(SessionID)s, %(TestID)s, %(PersID)s, %(TestLanguage)s, %(NormID1)s, %(NormID2)s, %(NormID3)s)'] [parameters: {'ID': UUID('4411dceb-a406-42e8-b931-4e4a5630d482'), 'SessionID': UUID('5df6c218-472f-40c5-acc1-75f9d2b09d5f'), 'TestID': UUID('2ff28273-3da7-4fe7-abd4-c877b7f57600'), 'PersID': None, 'TestLanguage': None, 'NormID1': None, 'NormID2': None, 'NormID3': None}] (Background on this error at: http://sqlalche.me/e/gkpj)
ITR 2019-03-15 16:25:58,043 ERROR internal_error(67) Internal server error 500 : (psycopg2.IntegrityError) null value in column "TestLanguage" violates not-null constraint
DETAIL:  Failing row contains (5d2606d5-fbfb-4dd8-9449-d2c5305b9da0, 5df6c218-472f-40c5-acc1-75f9d2b09d5f, 2ff28273-3da7-4fe7-abd4-c877b7f57600, e859fb43-b468-416c-a90c-67c877d9bdf9, 0, null, , , null, null, null, 2000-01-01 06:00:00+01, 2000-01-01 06:00:00+01, 0, 0, 1, 0, 0, 1, , 2000-01-01 06:00:00+01, f, {}).
 [SQL: 'INSERT INTO "ClientSessionTests" ("ID", "SessionID", "TestID", "PersID", "TestLanguage", "NormID1", "NormID2", "NormID3") VALUES (%(ID)s, %(SessionID)s, %(TestID)s, %(PersID)s, %(TestLanguage)s, %(NormID1)s, %(NormID2)s, %(NormID3)s)'] [parameters: {'ID': UUID('5d2606d5-fbfb-4dd8-9449-d2c5305b9da0'), 'SessionID': UUID('5df6c218-472f-40c5-acc1-75f9d2b09d5f'), 'TestID': UUID('2ff28273-3da7-4fe7-abd4-c877b7f57600'), 'PersID': UUID('e859fb43-b468-416c-a90c-67c877d9bdf9'), 'TestLanguage': None, 'NormID1': None, 'NormID2': None, 'NormID3': None}] (Background on this error at: http://sqlalche.me/e/gkpj)
ITR 2019-03-15 17:05:50,521 ERROR internal_error(67) Internal server error 500 : type object 'ClientPerson' has no attribute 'Email'
ITR 2019-03-15 17:06:48,083 ERROR internal_error(67) Internal server error 500 : local variable 'hashed_password' referenced before assignment
ITR 2019-03-15 17:32:55,324 ERROR internal_error(67) Internal server error 500 : type object 'datetime.datetime' has no attribute 'datetime'
ITR 2019-03-15 17:33:40,918 ERROR internal_error(67) Internal server error 500 : type object 'datetime.datetime' has no attribute 'datetime'
ITR 2019-03-15 17:34:59,649 ERROR internal_error(67) Internal server error 500 : type object 'datetime.datetime' has no attribute 'datetime'
ITR 2019-03-15 18:07:06,826 ERROR internal_error(67) Internal server error 500 : local variable 'hashed_password' referenced before assignment
ITR 2019-03-15 18:07:49,719 ERROR internal_error(67) Internal server error 500 : local variable 'hashed_password' referenced before assignment
